0:100  0:100  MemLog inited, TSC freq: 2194921465
0:100  0:000  CPU was calibrated with ACPI PM Timer
0:100  0:000  
0:100  0:000  Now is 8.6.2019,  10:48:42 (GMT)
0:100  0:000  Starting Clover revision: 4586 on INSYDE Corp. EFI
0:100  0:000  Build with: [Args: -D NO_GRUB_DRIVERS_EMBEDDED -t XCODE8 | -D NO_GRUB_DRIVERS_EMBEDDED -D USE_LOW_EBDA -a X64 -b RELEASE -t XCODE8 -n 5 | OS: 10.13.5 | XCODE: 9.4.1]
0:100  0:000  SelfDevicePath=PciRoot(0x0)\Pci(0x1F,0x2)\Sata(0x0,0x0,0x0)\HD(3,GPT,760E00B1-2905-4EDD-81C1-BFBE61578B34,0x3A3000,0xC8000) @9A226498
0:100  0:000  SelfDirPath = \EFI\BOOT
0:100  0:000  === [ Get Smbios ] ========================================
0:100  0:000  Type 16 Index = 0
0:100  0:000  Total Memory Slots Count = 2
0:100  0:000  Type 17 Index = 0
0:100  0:000  SmbiosTable.Type17->Speed = 1600MHz
0:100  0:000  SmbiosTable.Type17->Size = 4096MB
0:100  0:000  SmbiosTable.Type17->Bank/Device = BANK 0 ChannelA-DIMM0
0:100  0:000  SmbiosTable.Type17->Vendor = Samsung
0:100  0:000  SmbiosTable.Type17->SerialNumber = 15752481
0:100  0:000  SmbiosTable.Type17->PartNumber = M471B5173EB0-YK0  
0:100  0:000  Type 17 Index = 1
0:100  0:000  SmbiosTable.Type17->Speed = 1600MHz
0:100  0:000  SmbiosTable.Type17->Size = 4096MB
0:100  0:000  SmbiosTable.Type17->Bank/Device = BANK 2 ChannelB-DIMM0
0:100  0:000  SmbiosTable.Type17->Vendor = Kingston
0:100  0:000  SmbiosTable.Type17->SerialNumber = 07568718
0:100  0:000  SmbiosTable.Type17->PartNumber = 99U5469-045.A00LF 
0:100  0:000  Boot status=0
0:100  0:000  Running on: '80E5' with board 'Lenovo G50-80'
0:100  0:000  === [ GetCPUProperties ] ==================================
0:100  0:000  CPU Vendor = 756E6547 Model=306D4
0:100  0:000   The CPU supported SSE4.1
0:100  0:000  BrandString = Intel(R) Core(TM) i5-5200U CPU @ 2.20GHz
0:100  0:000   The CPU supported turbo
0:100  0:000  MSR 0x35               20004
0:100  0:000  MSR 0xE2 before patch 1E008408
0:100  0:000  MSR 0xE2 is locked, PM patches will be turned on
0:100  0:000  MSR 0xCE              0005053B_F3011600
0:100  0:000  corrected FLEX_RATIO = 0
0:100  0:000  MSR 0x1B0             00000000
0:100  0:000  FSBFrequency = 100 MHz, DMI FSBFrequency = 100 MHz, Corrected FSBFrequency = 100 MHz
0:100  0:000  MaxDiv/MinDiv: 22.0/5
0:100  0:000  Turbo: 25/25/25/27
0:100  0:000  Features: 0xBFEBFBFF
0:100  0:000  Threads: 4
0:100  0:000  Cores: 2
0:100  0:000  FSB: 100 MHz
0:100  0:000  CPU: 2200 MHz
0:100  0:000  TSC: 2200 MHz
0:100  0:000  PIS: 100 MHz
0:100  0:000  ExternalClock: 25 MHz
0:100  0:000  === [ GetDevices ] ========================================
0:100  0:000  PCI (00|00:00.00) : 8086 1604 class=060000
0:100  0:000  PCI (00|00:02.00) : 8086 1616 class=030000
0:100  0:000   - GFX: Model=Intel HD Graphics 5500 (Intel)
0:100  0:000  PCI (00|00:03.00) : 8086 160C class=040300
0:100  0:000  PCI (00|00:14.00) : 8086 9CB1 class=0C0330
0:100  0:000  PCI (00|00:16.00) : 8086 9CBA class=078000
0:100  0:000  PCI (00|00:16.01) : FFFF FFFF class=FFFFFF
0:100  0:000  PCI (00|00:1B.00) : 8086 9CA0 class=040300
0:100  0:000  PCI (00|00:1C.00) : 8086 9C90 class=060400
0:100  0:000  PCI (00|00:1C.02) : 8086 9C94 class=060400
0:100  0:000  PCI (00|02:00.00) : 10EC 8168 class=020000
0:100  0:000   - LAN: 0 Vendor=Realtek
0:100  0:000  PCI (00|00:1C.03) : 8086 9C96 class=060400
0:100  0:000  PCI (00|03:00.00) : 168C 0036 class=028000
0:100  0:000   - WIFI: Vendor=Atheros
0:100  0:000  PCI (00|00:1C.04) : 8086 9C98 class=060400
0:100  0:000  PCI (00|04:00.00) : 1002 6660 class=038000
0:100  0:000   - GFX: Model=AMD Radeon HD 8670M (ATI/AMD)
0:100  0:000  PCI (00|00:1F.00) : 8086 9CC3 class=060100
0:100  0:000  PCI (00|00:1F.02) : 8086 9C83 class=010601
0:100  0:000  PCI (00|00:1F.03) : 8086 9CA2 class=0C0500
0:100  0:000  === [ GetDefaultSettings ] ================================
0:100  0:000  Clover load options size = 0 bytes
0:126  0:025  EFI\CLOVER\config.plist loaded: Success
0:126  0:000  === [ GetListOfThemes ] ===================================
0:132  0:006  - [00]: High Sierra
0:143  0:010  === [ Found config plists ] ===============================
0:143  0:000  - config.plist
0:143  0:000  === [ GetEarlyUserSettings ] ==============================
0:143  0:000  timeout set to 3
0:143  0:000  Custom boot CUSTOM_BOOT_DISABLED (0x0)
0:143  0:000  KextsToPatch: 8 requested
0:143  0:000   - [00]: IOGraphicsFamily (第二阶段8个苹果) :: BinPatch :: data len: 5
0:143  0:000   - [01]: AppleAHCIPort (External icons patch) :: BinPatch :: data len: 8
0:143  0:000   - [02]: com.apple.driver.AppleIntelBDWGraphicsFramebuffer (NoLabel) :: BinPatch :: data len: 6
0:143  0:000   - patch disabled at config
0:143  0:000   - [03]: AppleUSBXHCIPCI (Enable USB3.0) :: BinPatch :: data len: 7
0:143  0:000   - [04]: com.apple.driver.AppleIntelBDWGraphicsFramebuffer (DVMTFixup) :: BinPatch :: data len: 8
0:143  0:000   - [05]: AppleUSBXHCI (change 15 port limit to 26 in XHCI kext (100-series)) :: MatchOS: 10.14 :: BinPatch :: data len: 9
0:143  0:000   - [06]: AppleUSBXHCI (change 15 port limit to 26 in XHCI kext (100-series)) :: MatchOS: 10.13.6 :: BinPatch :: data len: 4
0:143  0:000   - [07]: AppleIntelBDWGraphicsFrameBuffer (Reduce DVMT minimum requirement) :: MatchOS: 10.14.x :: BinPatch :: data len: 12
0:143  0:000  Default theme: High Sierra
0:144  0:000  Hiding entries with string BOOTX64.EFI
0:144  0:000  Hiding entries with string Windows
0:144  0:000  === [ LoadDrivers ] =======================================
0:154  0:010  Loading ApfsDriverLoader-64.efi  status=Success
0:154  0:000   - driver needs connecting
0:154  0:000  Loading AptioMemoryFix-64.efi  status=Success
0:155  0:000  Loading FSInject-64.efi  status=Success
0:155  0:000  Loading HFSPlus-64.efi  status=Success
0:155  0:000   - driver needs connecting
0:155  0:000  Loading AudioDxe-64.efi  status=Success
0:156  0:000   - driver needs connecting
0:156  0:000  Loading DataHubDxe-64.efi  status=Success
0:162  0:005  Loading SMCHelper-64.efi  status=Success
0:162  0:000  Loading VBoxHfs-64.efi  status=Success
0:167  0:004   - driver needs connecting
0:167  0:000  4 drivers needs connecting ...
0:167  0:000  PlatformDriverOverrideProtocol not found. Installing ... Success
0:167  0:000  HFS+ driver loaded
0:167  0:000  APFS driver loaded
0:167  0:000  Searching for invalid DiskIo BY_DRIVER connects: not found, all ok
4:085  3:918  === [ InitScreen ] ========================================
4:085  0:000  SetMaxResolution: found best mode 3: 1920x1080
4:085  0:000   - already set
4:085  0:000  Console modes reported: 6, available modes:
4:085  0:000   - [01]: 80x25
4:085  0:000   - [03]: 80x25
4:085  0:000   - [04]: 100x31
4:085  0:000   - [05]: 128x40
4:085  0:000   - [06]: 240x56 (current mode)
4:085  0:000  SetScreenResolution: 1920x1080 - already set
4:085  0:000  reinit: self device path=PciRoot(0x0)\Pci(0x1F,0x2)\Sata(0x0,0x0,0x0)\HD(3,GPT,760E00B1-2905-4EDD-81C1-BFBE61578B34,0x3A3000,0xC8000)
4:086  0:000  Using embedded font: Success
4:088  0:002  === [ GetMacAddress ] =====================================
4:088  0:000  === [ ScanSPD ] ===========================================
4:088  0:000  SMBus device : 8086 9CA2 class=0C0500 status=Success
4:088  0:000  SMBus CmdReg: 0x3
4:088  0:000  Scanning SMBus [8086:9CA2], mmio: 0xD1319004, ioport: 0x5040, hostc: 0x11
4:088  0:000  Slots to scan [8]...
4:089  0:000  SPD[0]: Type 11 @0x50
4:107  0:017  DDR speed 1600MHz
4:107  0:000  Slot: 0 Type 24 4096MB 1600MHz Vendor=Samsung PartNo=M471B5173EB0-YK0 SerialNo=0906040B0F000501
4:107  0:000  SPD[2]: Type 11 @0x52
4:125  0:017  DDR speed 1600MHz
4:125  0:000  Slot: 2 Type 24 4096MB 1600MHz Vendor=Kingston PartNo=99U5469-045.A00LF SerialNo=0007030805070B0A
4:126  0:000  === [ GetAcpiTablesList ] =================================
4:126  0:000  Get Acpi Tables List from RSDT:
4:126  0:000   - [00]: FACP  CB-01    len=268
4:126  0:000   - [01]: UEFI  CB-01    len=66
4:126  0:000   - [02]: ASF!  CB-01    len=165
4:126  0:000   - [03]: BOOT  CB-01    len=40
4:126  0:000   - [04]: LPIT  CB-01    len=148
4:126  0:000   - [05]: MCFG  CB-01    len=60
4:126  0:000   - [06]: SSDT  CB-01    len=2932
4:126  0:000   - [07]: UEFI  CB-01    len=566
4:126  0:000   - [08]: ASPT  CB-01    len=52
4:126  0:000   - [09]: HPET  CB-01    len=56
4:126  0:000   - [10]: WDAT  CB-01    len=548
4:126  0:000   - [11]: SSDT  CB-01    len=1337
4:126  0:000   - [12]: MSDM  CB-01    len=85
4:126  0:000   - [13]: APIC  CB-01    len=140
4:126  0:000   - [14]: SSDT  CB-01    len=23235
4:126  0:000   - [15]: SSDT  CB-01    len=13359
4:126  0:000   - [16]: DBGP  CB-01    len=52
4:126  0:000   - [17]: SSDT  CB-01    len=7157
4:126  0:000   - [18]: DMAR  CB-01    len=240
4:126  0:000   - [19]: CSRT  CB-01    len=196
4:126  0:000   - [20]: FPDT  CB-01    len=68
4:126  0:000   - [21]: BGRT  CB-01    len=56
4:126  0:000  Calibrated TSC Frequency = 2194921465 = 2194MHz
4:127  0:000  === [ GetUserSettings ] ===================================
4:127  0:000  USB FixOwnership: no
4:127  0:000   - final DSDT Fix mask=01220010
4:127  0:000  PatchesDSDT: 14 requested
4:127  0:000   - [00]: (change OSID to XSID (to avoid match against _OSI XOSI patch)) lenToFind: 4, lenToReplace: 4, Target Bridge: <null string>
4:127  0:000    patch disabled at config
4:127  0:000   - [01]: (change _OSI to XOSI) lenToFind: 4, lenToReplace: 4, Target Bridge: <null string>
4:127  0:000   - [02]: (change _DSM to XDSM) lenToFind: 4, lenToReplace: 4, Target Bridge: <null string>
4:127  0:000    patch disabled at config
4:127  0:000   - [03]: (change EC0 to EC) lenToFind: 4, lenToReplace: 4, Target Bridge: <null string>
4:127  0:000    patch disabled at config
4:127  0:000   - [04]: (change H_EC to EC) lenToFind: 4, lenToReplace: 4, Target Bridge: <null string>
4:127  0:000    patch disabled at config
4:127  0:000   - [05]: (change EHC1 to EH01) lenToFind: 4, lenToReplace: 4, Target Bridge: <null string>
4:127  0:000   - [06]: (change EHC2 to EH02) lenToFind: 4, lenToReplace: 4, Target Bridge: <null string>
4:127  0:000   - [07]: (change HECI to IMEI) lenToFind: 4, lenToReplace: 4, Target Bridge: <null string>
4:127  0:000   - [08]: (change HDAS to HDEF) lenToFind: 4, lenToReplace: 4, Target Bridge: <null string>
4:127  0:000   - [09]: (change GFX0 to IGPU) lenToFind: 4, lenToReplace: 4, Target Bridge: <null string>
4:127  0:000   - [10]: (change PEGP to GFX0) lenToFind: 4, lenToReplace: 4, Target Bridge: <null string>
4:127  0:000    patch disabled at config
4:127  0:000   - [11]: (change SAT0 to SATA) lenToFind: 4, lenToReplace: 4, Target Bridge: <null string>
4:127  0:000    patch disabled at config
4:127  0:000   - [12]: (Rename XHC1 to XHC) lenToFind: 4, lenToReplace: 3, Target Bridge: <null string>
4:127  0:000    patch disabled at config
4:127  0:000   - [13]: (LPC0 - > LPCB) lenToFind: 4, lenToReplace: 4, Target Bridge: <null string>
4:127  0:000    patch disabled at config
4:127  0:000  Using ProductName from config: MacBookPro12,1
4:127  0:000  Found same BiosVersion in clover and config
4:127  0:000  BiosVersion: MBP121.88Z.0176.B00.1804091715
4:127  0:000  BiosReleaseDate: 04/09/2018
4:127  0:000  Using FirmwareFeatures from config: 0xFC0FE137
4:127  0:000  Using FirmwareFeaturesMask from config: 0xFF1FFF3F
4:127  0:000  Board-ID set from config as Mac-E43C1C25D4880AD6
4:127  0:000  BoardType: 0xA
4:127  0:000  ChassisType: 0x9
4:127  0:000  === [ Found DSDT tables ] =================================
4:141  0:013  - DSDT.aml
5:195  1:054  === [ ScanVolumes ] =======================================
5:195  0:000  Found 20 volumes with blockIO
5:195  0:000  - [00]: Volume: PciRoot(0x0)\Pci(0x1F,0x2)\Sata(0x0,0x0,0x0)
5:198  0:003  - [01]: Volume: PciRoot(0x0)\Pci(0x1F,0x2)\Sata(0x1,0x0,0x0)
5:198  0:000  - [02]: Volume: PciRoot(0x0)\Pci(0x1F,0x2)\Sata(0x0,0x0,0x0)\HD(1,GPT,56872844-B7EE-4CC2-A032-55DC7A242316,0x800,0x1F4000)
5:206  0:007          Result of bootcode detection: bootable Windows (vista,win)
5:206  0:000  - [03]: Volume: PciRoot(0x0)\Pci(0x1F,0x2)\Sata(0x0,0x0,0x0)\HD(2,GPT,EDD060C3-3390-48DB-BA57-A4D681DB90F5,0x1F4800,0x1AE800)
5:217  0:010          Result of bootcode detection: bootable Windows (vista,win)
5:217  0:000  - [04]: Volume: PciRoot(0x0)\Pci(0x1F,0x2)\Sata(0x0,0x0,0x0)\HD(3,GPT,760E00B1-2905-4EDD-81C1-BFBE61578B34,0x3A3000,0xC8000)
5:225  0:007          Result of bootcode detection: bootable Windows (win)
5:229  0:004          This is SelfVolume !!
5:229  0:000  - [05]: Volume: PciRoot(0x0)\Pci(0x1F,0x2)\Sata(0x0,0x0,0x0)\HD(4,GPT,838AD662-CB67-4EC3-BB5F-8F502B90297A,0x46B000,0x40000)
5:241  0:011  - [06]: Volume: PciRoot(0x0)\Pci(0x1F,0x2)\Sata(0x0,0x0,0x0)\HD(5,GPT,9D84AE92-6EB2-45A9-A556-E0C04D3533D1,0x4AB000,0x9FFF800)
5:251  0:010          Result of bootcode detection: bootable Windows (vista,win)
5:251  0:000  - [07]: Volume: PciRoot(0x0)\Pci(0x1F,0x2)\Sata(0x0,0x0,0x0)\HD(6,GPT,01D405E6-9598-4069-8672-6E26A72AD553,0xA4AA800,0x113000)
5:271  0:019          Result of bootcode detection: bootable Windows (vista,win)
5:271  0:000  - [08]: Volume: PciRoot(0x0)\Pci(0x1F,0x2)\Sata(0x0,0x0,0x0)\HD(7,GPT,207350DE-FA3C-4308-B3F6-20B347A48263,0xA5BD800,0xE8D0000)
5:288  0:017          Result of bootcode detection: bootable Windows (vista,win)
5:288  0:000  - [09]: Volume: PciRoot(0x0)\Pci(0x1F,0x2)\Sata(0x0,0x0,0x0)\HD(8,GPT,5AFCD391-6F13-4675-82B9-B467750A8F98,0x18E8D800,0xE9E6800)
5:299  0:010          Result of bootcode detection: bootable unknown (legacy)
5:299  0:000  - [10]: Volume: PciRoot(0x0)\Pci(0x1F,0x2)\Sata(0x0,0x0,0x0)\HD(9,GPT,2F87F1B3-754D-48E4-963B-FA432F756463,0x27874000,0x6400000)
5:311  0:011  - [11]: Volume: PciRoot(0x0)\Pci(0x1F,0x2)\Sata(0x0,0x0,0x0)\HD(10,GPT,50BB218E-D47A-4B81-938A-F4950737E4E3,0x2DC74000,0xA001800)
5:325  0:014          Result of bootcode detection: bootable Windows (vista,win)
5:325  0:000  - [12]: Volume: PciRoot(0x0)\Pci(0x1F,0x2)\Sata(0x0,0x0,0x0)\HD(11,GPT,CD6966F0-F94C-4B11-9E91-FD4295151924,0x37C76000,0x2710000)
5:343  0:017          Result of bootcode detection: bootable Windows (vista,win)
5:343  0:000  - [13]: Volume: PciRoot(0x0)\Pci(0x1F,0x2)\Sata(0x1,0x0,0x0)\HD(1,GPT,130EE365-3876-43A9-93BC-BA08AF955913,0x28,0xF073FD8)
5:343  0:000          Result of bootcode detection: bootable Windows (vista,win)
5:343  0:000  - [14]: Volume: PciRoot(0x0)\Pci(0x1F,0x2)\Sata(0x1,0x0,0x0)\HD(2,GPT,385379A3-7F0A-4E00-9A7E-D1E0C8928A20,0xF074000,0x19000000)
5:343  0:000          Result of bootcode detection: bootable Windows (vista,win)
5:343  0:000  - [15]: Volume: PciRoot(0x0)\Pci(0x1F,0x2)\Sata(0x1,0x0,0x0)\HD(3,GPT,60175643-864D-45A7-9B9A-3E05D3674108,0x28074000,0x4C692D8F)
5:344  0:000          Result of bootcode detection: bootable Windows (vista,win)
5:344  0:000  - [16]: Volume: PciRoot(0x0)\Pci(0x1F,0x2)\Sata(0x0,0x0,0x0)\HD(8,GPT,5AFCD391-6F13-4675-82B9-B467750A8F98,0x18E8D800,0xE9E6800)\VenMedia(BE74FCF7-0B7C-49F3-9147-01F4042E6842,2121B241B3CA1A49AB278C8A88AE514C)
5:344  0:000  - [17]: Volume: PciRoot(0x0)\Pci(0x1F,0x2)\Sata(0x0,0x0,0x0)\HD(8,GPT,5AFCD391-6F13-4675-82B9-B467750A8F98,0x18E8D800,0xE9E6800)\VenMedia(BE74FCF7-0B7C-49F3-9147-01F4042E6842,317A5223A4993A42A4064A268A176ACB)
5:344  0:000  - [18]: Volume: PciRoot(0x0)\Pci(0x1F,0x2)\Sata(0x0,0x0,0x0)\HD(8,GPT,5AFCD391-6F13-4675-82B9-B467750A8F98,0x18E8D800,0xE9E6800)\VenMedia(BE74FCF7-0B7C-49F3-9147-01F4042E6842,128FB2D226A75440ABE4B0DB7A0D88C2)
5:344  0:000  - [19]: Volume: PciRoot(0x0)\Pci(0x1F,0x2)\Sata(0x0,0x0,0x0)\HD(8,GPT,5AFCD391-6F13-4675-82B9-B467750A8F98,0x18E8D800,0xE9E6800)\VenMedia(BE74FCF7-0B7C-49F3-9147-01F4042E6842,166092184D0B3F4A8509E6BA36B7001D)
5:344  0:000  === [ InitTheme ] =========================================
5:378  0:034  Using theme 'High Sierra' (EFI\CLOVER\themes\High Sierra)
5:378  0:000  OS main and drive as badge
5:378  0:000  Warning! Character width 23 should be even!
5:389  0:010  Loading font from ThemeDir: Success
5:390  0:001  Chosen theme High Sierra
5:390  0:000  after NVRAM boot-args=dart=0 kext-dev-mode=1 -lilubetaall -alcbetaall
5:390  0:000  === [ Dump SMC keys from NVRAM ] ==========================
5:390  0:000  found AppleSMC protocol
5:405  0:014  Registered 17 SMC keys
5:405  0:000  === [ ScanLoader ] ========================================
5:405  0:000  - [03]: 'LRS_ESP'
5:406  0:000          AddLoaderEntry for Volume Name=LRS_ESP
5:406  0:000          skipped because entry is hidden
5:406  0:000  - [04]: 'EFI'
5:406  0:000          AddLoaderEntry for Volume Name=EFI
5:406  0:000          skipped because entry is hidden
5:406  0:000  - [07]: 'EFI'
5:406  0:000          AddLoaderEntry for Volume Name=EFI
5:453  0:046          AddLoaderEntry for Volume Name=EFI
5:453  0:000          skipped because entry is hidden
5:453  0:000  - [16]: 'Preboot'
5:468  0:015          AddLoaderEntry for Volume Name=Preboot
5:494  0:026      hibernated: set as never
5:509  0:014          AddLoaderEntry for Volume Name=Preboot
5:524  0:014  - [17]: 'mac'
5:747  0:223          AddLoaderEntry for Volume Name=mac
5:821  0:074      hibernated: set as never
5:822  0:000  - [18]: 'Recovery'
5:822  0:000          AddLoaderEntry for Volume Name=Recovery
5:878  0:055  - [19]: 'VM'
5:878  0:000  === [ AddCustomTool ] =====================================
5:883  0:005  === [ GetEfiBootDeviceFromNvram ] =========================
5:884  0:000   - efi-boot-device-data: PciRoot(0x0)\Pci(0x1F,0x2)\Sata(0x0,0x0,0x0)\HD(8,GPT,5AFCD391-6F13-4675-82B9-B467750A8F98,0x18E8D800,0xE9E6800)\VenMedia(BE74FCF7-0B7C-49F3-9147-01F4042E6842,317A5223A4993A42A4064A268A176ACB)
5:884  0:000    - Volume: 'PciRoot(0x0)\Pci(0x1F,0x2)\Sata(0x0,0x0,0x0)\HD(8,GPT,5AFCD391-6F13-4675-82B9-B467750A8F98,0x18E8D800,0xE9E6800)\VenMedia(BE74FCF7-0B7C-49F3-9147-01F4042E6842,317A5223A4993A42A4064A268A176ACB)'
5:884  0:000    - LoaderPath: '<null string>'
5:884  0:000    - Guid = 5AFCD391-6F13-4675-82B9-B467750A8F98
5:884  0:000  === [ FindStartupDiskVolume ] =============================
5:884  0:000    - Volume: partition = PciRoot(0x0)\Pci(0x1F,0x2)\Sata(0x0,0x0,0x0)\HD(8,GPT,5AFCD391-6F13-4675-82B9-B467750A8F98,0x18E8D800,0xE9E6800)\VenMedia(BE74FCF7-0B7C-49F3-9147-01F4042E6842,317A5223A4993A42A4064A268A176ACB)
5:884  0:000     - searching for that partition
5:884  0:000      - found entry 3. 'Boot macOS from mac', Volume 'mac'
5:884  0:000  Boot redirected to Entry 3. 'Boot macOS from mac'
5:884  0:000  DefaultIndex=3 and MainMenu.EntryCount=9
6:532  0:648  GUI ready
